Using pre-set license
Built from '2020.2/staging' branch; Version is '2020.2.7f1 (c53830e277f1) revision 12924976'; Using compiler version '192528614'; Build Type 'Release'
OS: 'Windows 10 Enterprise; OS build 19043.1415; Version 2009; 64bit' Language: 'en' Physical Memory: 16302 MB
BatchMode: 1, IsHumanControllingUs: 0, StartBugReporterOnCrash: 0, Is64bit: 1, IsPro: 0

 COMMAND LINE ARGUMENTS:
C:\Program Files\Unity\Hub\Editor\2020.2.7f1\Editor\Unity.exe
-adb2
-batchMode
-noUpm
-name
AssetImportWorker0
-projectPath
C:/Users/Larkin/GooCombat
-logFile
Logs/AssetImportWorker0.log
-srvPort
53126
Successfully changed project path to: C:/Users/Larkin/GooCombat
C:/Users/Larkin/GooCombat
Using Asset Import Pipeline V2.
Refreshing native plugins compatible for Editor in 32.87 ms, found 1 plugins.
Preloading 0 native plugins for Editor in 0.00 ms.
Initialize engine version: 2020.2.7f1 (c53830e277f1)
[Subsystems] Discovering subsystems at path C:/Program Files/Unity/Hub/Editor/2020.2.7f1/Editor/Data/Resources/UnitySubsystems
[Subsystems] Discovering subsystems at path C:/Users/Larkin/GooCombat/Assets
GfxDevice: creating device client; threaded=0
Direct3D:
    Version:  Direct3D 11.0 [level 11.1]
    Renderer: NVIDIA GeForce RTX 2070 SUPER (ID=0x1e84)
    Vendor:   
    VRAM:     8011 MB
    Driver:   27.21.14.5671
Initialize mono
Mono path[0] = 'C:/Program Files/Unity/Hub/Editor/2020.2.7f1/Editor/Data/Managed'
Mono path[1] = 'C:/Program Files/Unity/Hub/Editor/2020.2.7f1/Editor/Data/MonoBleedingEdge/lib/mono/unityjit'
Mono config path = 'C:/Program Files/Unity/Hub/Editor/2020.2.7f1/Editor/Data/MonoBleedingEdge/etc'
Using monoOptions --debugger-agent=transport=dt_socket,embedding=1,server=y,suspend=n,address=127.0.0.1:56936
Begin MonoManager ReloadAssembly
Registering precompiled unity dll's ...
Register platform support module: C:/Program Files/Unity/Hub/Editor/2020.2.7f1/Editor/Data/PlaybackEngines/WindowsStandaloneSupport/UnityEditor.WindowsStandalone.Extensions.dll
Registered in 0.001773 seconds.
Native extension for WindowsStandalone target not found
Refreshing native plugins compatible for Editor in 32.64 ms, found 1 plugins.
Preloading 0 native plugins for Editor in 0.00 ms.
Invoked RoslynAnalysisRunner static constructor.
RoslynAnalysisRunner will not be running.
RoslynAnalysisRunner has terminated.
Mono: successfully reloaded assembly
- Completed reload, in  1.018 seconds
Platform modules already initialized, skipping
Registering precompiled user dll's ...
Registered in 0.000889 seconds.
Begin MonoManager ReloadAssembly
Native extension for WindowsStandalone target not found
Refreshing native plugins compatible for Editor in 37.07 ms, found 1 plugins.
Preloading 0 native plugins for Editor in 0.00 ms.
Invoked RoslynAnalysisRunner static constructor.
RoslynAnalysisRunner will not be running.
RoslynAnalysisRunner has terminated.
Mono: successfully reloaded assembly
- Completed reload, in  0.900 seconds
Platform modules already initialized, skipping
========================================================================
Worker process is ready to serve import requests
Launched and connected shader compiler UnityShaderCompiler.exe after 0.05 seconds
Refreshing native plugins compatible for Editor in 0.37 ms, found 1 plugins.
Preloading 0 native plugins for Editor in 0.00 ms.
Unloading 1843 Unused Serialized files (Serialized files now loaded: 0)
System memory in use before: 87.3 MB.
System memory in use after: 87.2 MB.

Unloading 24 unused Assets to reduce memory usage. Loaded Objects now: 2288.
Total: 2.073200 ms (FindLiveObjects: 0.212000 ms CreateObjectMapping: 0.095800 ms MarkObjects: 1.637300 ms  DeleteObjects: 0.127000 ms)

========================================================================
Received Import Request.
  path: Assets/TextMesh Pro/Sprites/EmojiOne.png
  artifactKey: Guid(dffef66376be4fa480fb02b19edbe903) Importer(815301076,1909f56bfc062723c751e8b465ee728b)
Start importing Assets/TextMesh Pro/Sprites/EmojiOne.png using Guid(dffef66376be4fa480fb02b19edbe903) Importer(815301076,1909f56bfc062723c751e8b465ee728b)  -> (artifact id: 'b3ca1c34d676008a5500a2c44bae585f') in 0.105466 seconds
  Import took 0.108531 seconds .

========================================================================
Received Import Request.
  Time since last request: 0.000351 seconds.
  path: Assets/TextMesh Pro/Resources/Fonts & Materials/LiberationSans SDF - Fallback.asset
  artifactKey: Guid(2e498d1c8094910479dc3e1b768306a4) Importer(815301076,1909f56bfc062723c751e8b465ee728b)
Start importing Assets/TextMesh Pro/Resources/Fonts & Materials/LiberationSans SDF - Fallback.asset using Guid(2e498d1c8094910479dc3e1b768306a4) Importer(815301076,1909f56bfc062723c751e8b465ee728b)  -> (artifact id: '481e7ddd26f311ec069a031a890751a8') in 0.084567 seconds
  Import took 0.087995 seconds .

========================================================================
Received Import Request.
  Time since last request: 0.000247 seconds.
  path: Assets/TextMesh Pro/Resources/Fonts & Materials/LiberationSans SDF.asset
  artifactKey: Guid(8f586378b4e144a9851e7b34d9b748ee) Importer(815301076,1909f56bfc062723c751e8b465ee728b)
Start importing Assets/TextMesh Pro/Resources/Fonts & Materials/LiberationSans SDF.asset using Guid(8f586378b4e144a9851e7b34d9b748ee) Importer(815301076,1909f56bfc062723c751e8b465ee728b)  -> (artifact id: 'd05efc34fb36eda5eee8cbca66cc109d') in 0.042068 seconds
  Import took 0.045204 seconds .

========================================================================
Received Prepare
Refreshing native plugins compatible for Editor in 1.66 ms, found 1 plugins.
Preloading 0 native plugins for Editor in 0.00 ms.
Unloading 10 Unused Serialized files (Serialized files now loaded: 0)
System memory in use before: 54.2 MB.
System memory in use after: 54.2 MB.

Unloading 10 unused Assets to reduce memory usage. Loaded Objects now: 2332.
Total: 2.850800 ms (FindLiveObjects: 0.178100 ms CreateObjectMapping: 0.066400 ms MarkObjects: 2.507600 ms  DeleteObjects: 0.097600 ms)

========================================================================
Received Prepare
Registering precompiled user dll's ...
Registered in 0.000917 seconds.
Begin MonoManager ReloadAssembly
Native extension for WindowsStandalone target not found
Refreshing native plugins compatible for Editor in 0.37 ms, found 1 plugins.
Preloading 0 native plugins for Editor in 0.00 ms.
Invoked RoslynAnalysisRunner static constructor.
RoslynAnalysisRunner will not be running.
RoslynAnalysisRunner has terminated.
Mono: successfully reloaded assembly
- Completed reload, in  0.796 seconds
Platform modules already initialized, skipping
Refreshing native plugins compatible for Editor in 0.34 ms, found 1 plugins.
Preloading 0 native plugins for Editor in 0.00 ms.
Unloading 1825 Unused Serialized files (Serialized files now loaded: 0)
System memory in use before: 89.6 MB.
System memory in use after: 89.6 MB.

Unloading 12 unused Assets to reduce memory usage. Loaded Objects now: 2336.
Total: 2.121500 ms (FindLiveObjects: 0.184900 ms CreateObjectMapping: 0.069200 ms MarkObjects: 1.771500 ms  DeleteObjects: 0.094200 ms)

========================================================================
Received Prepare
Registering precompiled user dll's ...
Registered in 0.000946 seconds.
Begin MonoManager ReloadAssembly
Native extension for WindowsStandalone target not found
Refreshing native plugins compatible for Editor in 0.35 ms, found 1 plugins.
Preloading 0 native plugins for Editor in 0.00 ms.
Invoked RoslynAnalysisRunner static constructor.
RoslynAnalysisRunner will not be running.
RoslynAnalysisRunner has terminated.
Mono: successfully reloaded assembly
- Completed reload, in  0.741 seconds
Platform modules already initialized, skipping
Refreshing native plugins compatible for Editor in 0.33 ms, found 1 plugins.
Preloading 0 native plugins for Editor in 0.00 ms.
Unloading 1825 Unused Serialized files (Serialized files now loaded: 0)
System memory in use before: 89.6 MB.
System memory in use after: 89.6 MB.

Unloading 12 unused Assets to reduce memory usage. Loaded Objects now: 2340.
Total: 2.027900 ms (FindLiveObjects: 0.169100 ms CreateObjectMapping: 0.062200 ms MarkObjects: 1.698200 ms  DeleteObjects: 0.097400 ms)

========================================================================
Received Prepare
Registering precompiled user dll's ...
Registered in 0.000894 seconds.
Begin MonoManager ReloadAssembly
Native extension for WindowsStandalone target not found
Refreshing native plugins compatible for Editor in 0.35 ms, found 1 plugins.
Preloading 0 native plugins for Editor in 0.00 ms.
Invoked RoslynAnalysisRunner static constructor.
RoslynAnalysisRunner will not be running.
RoslynAnalysisRunner has terminated.
Mono: successfully reloaded assembly
- Completed reload, in  0.767 seconds
Platform modules already initialized, skipping
Refreshing native plugins compatible for Editor in 0.35 ms, found 1 plugins.
Preloading 0 native plugins for Editor in 0.00 ms.
Unloading 1825 Unused Serialized files (Serialized files now loaded: 0)
System memory in use before: 89.7 MB.
System memory in use after: 89.6 MB.

Unloading 12 unused Assets to reduce memory usage. Loaded Objects now: 2344.
Total: 2.109700 ms (FindLiveObjects: 0.202900 ms CreateObjectMapping: 0.077100 ms MarkObjects: 1.729900 ms  DeleteObjects: 0.098400 ms)

========================================================================
Received Prepare
Registering precompiled user dll's ...
Registered in 0.000955 seconds.
Begin MonoManager ReloadAssembly
Native extension for WindowsStandalone target not found
Refreshing native plugins compatible for Editor in 0.33 ms, found 1 plugins.
Preloading 0 native plugins for Editor in 0.00 ms.
Invoked RoslynAnalysisRunner static constructor.
RoslynAnalysisRunner will not be running.
RoslynAnalysisRunner has terminated.
Mono: successfully reloaded assembly
- Completed reload, in  0.743 seconds
Platform modules already initialized, skipping
Refreshing native plugins compatible for Editor in 0.33 ms, found 1 plugins.
Preloading 0 native plugins for Editor in 0.00 ms.
Unloading 1825 Unused Serialized files (Serialized files now loaded: 0)
System memory in use before: 89.7 MB.
System memory in use after: 89.7 MB.

Unloading 12 unused Assets to reduce memory usage. Loaded Objects now: 2348.
Total: 2.105700 ms (FindLiveObjects: 0.251200 ms CreateObjectMapping: 0.104800 ms MarkObjects: 1.636200 ms  DeleteObjects: 0.112100 ms)

========================================================================
Received Prepare
Registering precompiled user dll's ...
Registered in 0.001379 seconds.
Begin MonoManager ReloadAssembly
Native extension for WindowsStandalone target not found
Refreshing native plugins compatible for Editor in 0.34 ms, found 1 plugins.
Preloading 0 native plugins for Editor in 0.00 ms.
Invoked RoslynAnalysisRunner static constructor.
RoslynAnalysisRunner will not be running.
RoslynAnalysisRunner has terminated.
Mono: successfully reloaded assembly
- Completed reload, in  0.759 seconds
Platform modules already initialized, skipping
Refreshing native plugins compatible for Editor in 0.33 ms, found 1 plugins.
Preloading 0 native plugins for Editor in 0.00 ms.
Unloading 1825 Unused Serialized files (Serialized files now loaded: 0)
System memory in use before: 89.7 MB.
System memory in use after: 89.7 MB.

Unloading 12 unused Assets to reduce memory usage. Loaded Objects now: 2352.
Total: 1.911500 ms (FindLiveObjects: 0.203900 ms CreateObjectMapping: 0.076500 ms MarkObjects: 1.527000 ms  DeleteObjects: 0.103000 ms)

========================================================================
Received Prepare
Registering precompiled user dll's ...
Registered in 0.001043 seconds.
Begin MonoManager ReloadAssembly
Native extension for WindowsStandalone target not found
Refreshing native plugins compatible for Editor in 0.33 ms, found 1 plugins.
Preloading 0 native plugins for Editor in 0.00 ms.
Invoked RoslynAnalysisRunner static constructor.
RoslynAnalysisRunner will not be running.
RoslynAnalysisRunner has terminated.
Mono: successfully reloaded assembly
- Completed reload, in  0.734 seconds
Platform modules already initialized, skipping
Refreshing native plugins compatible for Editor in 0.34 ms, found 1 plugins.
Preloading 0 native plugins for Editor in 0.00 ms.
Unloading 1825 Unused Serialized files (Serialized files now loaded: 0)
System memory in use before: 89.7 MB.
System memory in use after: 89.7 MB.

Unloading 12 unused Assets to reduce memory usage. Loaded Objects now: 2356.
Total: 1.861300 ms (FindLiveObjects: 0.175300 ms CreateObjectMapping: 0.068100 ms MarkObjects: 1.516000 ms  DeleteObjects: 0.101000 ms)

========================================================================
Received Prepare
Registering precompiled user dll's ...
Registered in 0.000889 seconds.
Begin MonoManager ReloadAssembly
Native extension for WindowsStandalone target not found
Refreshing native plugins compatible for Editor in 0.34 ms, found 1 plugins.
Preloading 0 native plugins for Editor in 0.00 ms.
Invoked RoslynAnalysisRunner static constructor.
RoslynAnalysisRunner will not be running.
RoslynAnalysisRunner has terminated.
Mono: successfully reloaded assembly
- Completed reload, in  0.783 seconds
Platform modules already initialized, skipping
Refreshing native plugins compatible for Editor in 0.34 ms, found 1 plugins.
Preloading 0 native plugins for Editor in 0.00 ms.
Unloading 1825 Unused Serialized files (Serialized files now loaded: 0)
System memory in use before: 89.7 MB.
System memory in use after: 89.7 MB.

Unloading 12 unused Assets to reduce memory usage. Loaded Objects now: 2360.
Total: 2.031500 ms (FindLiveObjects: 0.205600 ms CreateObjectMapping: 0.076900 ms MarkObjects: 1.642000 ms  DeleteObjects: 0.106100 ms)

========================================================================
Received Prepare
Registering precompiled user dll's ...
Registered in 0.000897 seconds.
Begin MonoManager ReloadAssembly
Native extension for WindowsStandalone target not found
Refreshing native plugins compatible for Editor in 0.33 ms, found 1 plugins.
Preloading 0 native plugins for Editor in 0.00 ms.
Invoked RoslynAnalysisRunner static constructor.
RoslynAnalysisRunner will not be running.
RoslynAnalysisRunner has terminated.
Mono: successfully reloaded assembly
- Completed reload, in  0.750 seconds
Platform modules already initialized, skipping
Refreshing native plugins compatible for Editor in 0.35 ms, found 1 plugins.
Preloading 0 native plugins for Editor in 0.00 ms.
Unloading 1825 Unused Serialized files (Serialized files now loaded: 0)
System memory in use before: 89.7 MB.
System memory in use after: 89.7 MB.

Unloading 12 unused Assets to reduce memory usage. Loaded Objects now: 2364.
Total: 1.879200 ms (FindLiveObjects: 0.195000 ms CreateObjectMapping: 0.067600 ms MarkObjects: 1.516600 ms  DeleteObjects: 0.098900 ms)

========================================================================
Received Prepare
Registering precompiled user dll's ...
Registered in 0.001014 seconds.
Begin MonoManager ReloadAssembly
Native extension for WindowsStandalone target not found
Refreshing native plugins compatible for Editor in 0.34 ms, found 1 plugins.
Preloading 0 native plugins for Editor in 0.00 ms.
Invoked RoslynAnalysisRunner static constructor.
RoslynAnalysisRunner will not be running.
RoslynAnalysisRunner has terminated.
Mono: successfully reloaded assembly
- Completed reload, in  0.749 seconds
Platform modules already initialized, skipping
Refreshing native plugins compatible for Editor in 0.33 ms, found 1 plugins.
Preloading 0 native plugins for Editor in 0.00 ms.
Unloading 1825 Unused Serialized files (Serialized files now loaded: 0)
System memory in use before: 89.7 MB.
System memory in use after: 89.7 MB.

Unloading 12 unused Assets to reduce memory usage. Loaded Objects now: 2368.
Total: 1.899800 ms (FindLiveObjects: 0.181000 ms CreateObjectMapping: 0.070900 ms MarkObjects: 1.546200 ms  DeleteObjects: 0.100800 ms)

========================================================================
Received Prepare
Registering precompiled user dll's ...
Registered in 0.000999 seconds.
Begin MonoManager ReloadAssembly
Native extension for WindowsStandalone target not found
Refreshing native plugins compatible for Editor in 0.35 ms, found 1 plugins.
Preloading 0 native plugins for Editor in 0.00 ms.
Invoked RoslynAnalysisRunner static constructor.
RoslynAnalysisRunner will not be running.
RoslynAnalysisRunner has terminated.
Mono: successfully reloaded assembly
- Completed reload, in  0.751 seconds
Platform modules already initialized, skipping
Refreshing native plugins compatible for Editor in 0.36 ms, found 1 plugins.
Preloading 0 native plugins for Editor in 0.00 ms.
Unloading 1825 Unused Serialized files (Serialized files now loaded: 0)
System memory in use before: 89.7 MB.
System memory in use after: 89.7 MB.

Unloading 12 unused Assets to reduce memory usage. Loaded Objects now: 2372.
Total: 1.951400 ms (FindLiveObjects: 0.189000 ms CreateObjectMapping: 0.074300 ms MarkObjects: 1.584200 ms  DeleteObjects: 0.103100 ms)

========================================================================
Received Prepare
Registering precompiled user dll's ...
Registered in 0.001171 seconds.
Begin MonoManager ReloadAssembly
Native extension for WindowsStandalone target not found
Refreshing native plugins compatible for Editor in 0.39 ms, found 1 plugins.
Preloading 0 native plugins for Editor in 0.00 ms.
Invoked RoslynAnalysisRunner static constructor.
RoslynAnalysisRunner will not be running.
RoslynAnalysisRunner has terminated.
Mono: successfully reloaded assembly
- Completed reload, in  0.847 seconds
Platform modules already initialized, skipping
Refreshing native plugins compatible for Editor in 0.41 ms, found 1 plugins.
Preloading 0 native plugins for Editor in 0.00 ms.
Unloading 1825 Unused Serialized files (Serialized files now loaded: 0)
System memory in use before: 89.7 MB.
System memory in use after: 89.7 MB.

Unloading 12 unused Assets to reduce memory usage. Loaded Objects now: 2376.
Total: 1.978100 ms (FindLiveObjects: 0.190500 ms CreateObjectMapping: 0.065700 ms MarkObjects: 1.604800 ms  DeleteObjects: 0.116300 ms)

========================================================================
Received Prepare
Registering precompiled user dll's ...
Registered in 0.000916 seconds.
Begin MonoManager ReloadAssembly
Native extension for WindowsStandalone target not found
Refreshing native plugins compatible for Editor in 0.34 ms, found 1 plugins.
Preloading 0 native plugins for Editor in 0.00 ms.
Invoked RoslynAnalysisRunner static constructor.
RoslynAnalysisRunner will not be running.
RoslynAnalysisRunner has terminated.
Mono: successfully reloaded assembly
- Completed reload, in  0.759 seconds
Platform modules already initialized, skipping
Refreshing native plugins compatible for Editor in 0.51 ms, found 1 plugins.
Preloading 0 native plugins for Editor in 0.00 ms.
Unloading 1825 Unused Serialized files (Serialized files now loaded: 0)
System memory in use before: 89.7 MB.
System memory in use after: 89.7 MB.

Unloading 12 unused Assets to reduce memory usage. Loaded Objects now: 2380.
Total: 2.545800 ms (FindLiveObjects: 0.211300 ms CreateObjectMapping: 0.069300 ms MarkObjects: 2.116700 ms  DeleteObjects: 0.134100 ms)

========================================================================
Received Prepare
Registering precompiled user dll's ...
Registered in 0.000934 seconds.
Begin MonoManager ReloadAssembly
Native extension for WindowsStandalone target not found
Refreshing native plugins compatible for Editor in 0.34 ms, found 1 plugins.
Preloading 0 native plugins for Editor in 0.00 ms.
Invoked RoslynAnalysisRunner static constructor.
RoslynAnalysisRunner will not be running.
RoslynAnalysisRunner has terminated.
Mono: successfully reloaded assembly
- Completed reload, in  0.748 seconds
Platform modules already initialized, skipping
Refreshing native plugins compatible for Editor in 0.36 ms, found 1 plugins.
Preloading 0 native plugins for Editor in 0.00 ms.
Unloading 1825 Unused Serialized files (Serialized files now loaded: 0)
System memory in use before: 89.8 MB.
System memory in use after: 89.8 MB.

Unloading 12 unused Assets to reduce memory usage. Loaded Objects now: 2384.
Total: 2.037300 ms (FindLiveObjects: 0.193500 ms CreateObjectMapping: 0.069500 ms MarkObjects: 1.663100 ms  DeleteObjects: 0.110000 ms)

========================================================================
Received Prepare
Registering precompiled user dll's ...
Registered in 0.000907 seconds.
Begin MonoManager ReloadAssembly
Native extension for WindowsStandalone target not found
Refreshing native plugins compatible for Editor in 0.39 ms, found 1 plugins.
Preloading 0 native plugins for Editor in 0.00 ms.
Invoked RoslynAnalysisRunner static constructor.
RoslynAnalysisRunner will not be running.
RoslynAnalysisRunner has terminated.
Mono: successfully reloaded assembly
- Completed reload, in  0.750 seconds
Platform modules already initialized, skipping
Refreshing native plugins compatible for Editor in 0.33 ms, found 1 plugins.
Preloading 0 native plugins for Editor in 0.00 ms.
Unloading 1825 Unused Serialized files (Serialized files now loaded: 0)
System memory in use before: 89.8 MB.
System memory in use after: 89.8 MB.

Unloading 12 unused Assets to reduce memory usage. Loaded Objects now: 2388.
Total: 2.030700 ms (FindLiveObjects: 0.210600 ms CreateObjectMapping: 0.081400 ms MarkObjects: 1.626400 ms  DeleteObjects: 0.111200 ms)

========================================================================
Received Prepare
Registering precompiled user dll's ...
Registered in 0.000952 seconds.
Begin MonoManager ReloadAssembly
Native extension for WindowsStandalone target not found
Refreshing native plugins compatible for Editor in 0.36 ms, found 1 plugins.
Preloading 0 native plugins for Editor in 0.00 ms.
Invoked RoslynAnalysisRunner static constructor.
RoslynAnalysisRunner will not be running.
RoslynAnalysisRunner has terminated.
Mono: successfully reloaded assembly
- Completed reload, in  0.822 seconds
Platform modules already initialized, skipping
Refreshing native plugins compatible for Editor in 0.33 ms, found 1 plugins.
Preloading 0 native plugins for Editor in 0.00 ms.
Unloading 1825 Unused Serialized files (Serialized files now loaded: 0)
System memory in use before: 89.8 MB.
System memory in use after: 89.8 MB.

Unloading 12 unused Assets to reduce memory usage. Loaded Objects now: 2392.
Total: 2.630400 ms (FindLiveObjects: 0.206700 ms CreateObjectMapping: 0.071300 ms MarkObjects: 2.224600 ms  DeleteObjects: 0.126200 ms)

========================================================================
Received Prepare
Registering precompiled user dll's ...
Registered in 0.000889 seconds.
Begin MonoManager ReloadAssembly
Native extension for WindowsStandalone target not found
Refreshing native plugins compatible for Editor in 0.33 ms, found 1 plugins.
Preloading 0 native plugins for Editor in 0.00 ms.
Invoked RoslynAnalysisRunner static constructor.
RoslynAnalysisRunner will not be running.
RoslynAnalysisRunner has terminated.
Mono: successfully reloaded assembly
- Completed reload, in  0.741 seconds
Platform modules already initialized, skipping
Refreshing native plugins compatible for Editor in 0.34 ms, found 1 plugins.
Preloading 0 native plugins for Editor in 0.00 ms.
Unloading 1825 Unused Serialized files (Serialized files now loaded: 0)
System memory in use before: 89.8 MB.
System memory in use after: 89.8 MB.

Unloading 12 unused Assets to reduce memory usage. Loaded Objects now: 2396.
Total: 2.017600 ms (FindLiveObjects: 0.219500 ms CreateObjectMapping: 0.088100 ms MarkObjects: 1.603200 ms  DeleteObjects: 0.105700 ms)

========================================================================
Received Import Request.
  Time since last request: 12410.672808 seconds.
  path: Assets/Scripts/OrbSizer.cs
  artifactKey: Guid(3bdc0a8bd59b43e4cb20817d74aaacb7) Importer(815301076,1909f56bfc062723c751e8b465ee728b)
Start importing Assets/Scripts/OrbSizer.cs using Guid(3bdc0a8bd59b43e4cb20817d74aaacb7) Importer(815301076,1909f56bfc062723c751e8b465ee728b)  -> (artifact id: 'c6f5b965b52dbbc27fe4276021955360') in 0.013203 seconds
  Import took 0.016601 seconds .

========================================================================
Received Prepare
Registering precompiled user dll's ...
Registered in 0.000944 seconds.
Begin MonoManager ReloadAssembly
Native extension for WindowsStandalone target not found
Refreshing native plugins compatible for Editor in 0.55 ms, found 1 plugins.
Preloading 0 native plugins for Editor in 0.00 ms.
Invoked RoslynAnalysisRunner static constructor.
RoslynAnalysisRunner will not be running.
RoslynAnalysisRunner has terminated.
Mono: successfully reloaded assembly
- Completed reload, in  0.751 seconds
Platform modules already initialized, skipping
Refreshing native plugins compatible for Editor in 0.34 ms, found 1 plugins.
Preloading 0 native plugins for Editor in 0.00 ms.
Unloading 1826 Unused Serialized files (Serialized files now loaded: 0)
System memory in use before: 89.8 MB.
System memory in use after: 89.8 MB.

Unloading 12 unused Assets to reduce memory usage. Loaded Objects now: 2401.
Total: 1.919900 ms (FindLiveObjects: 0.195000 ms CreateObjectMapping: 0.064100 ms MarkObjects: 1.558600 ms  DeleteObjects: 0.101300 ms)

========================================================================
Received Prepare
Registering precompiled user dll's ...
Registered in 0.001289 seconds.
Begin MonoManager ReloadAssembly
Native extension for WindowsStandalone target not found
Refreshing native plugins compatible for Editor in 0.34 ms, found 1 plugins.
Preloading 0 native plugins for Editor in 0.00 ms.
Invoked RoslynAnalysisRunner static constructor.
RoslynAnalysisRunner will not be running.
RoslynAnalysisRunner has terminated.
Mono: successfully reloaded assembly
- Completed reload, in  0.740 seconds
Platform modules already initialized, skipping
Refreshing native plugins compatible for Editor in 0.35 ms, found 1 plugins.
Preloading 0 native plugins for Editor in 0.00 ms.
Unloading 1826 Unused Serialized files (Serialized files now loaded: 0)
System memory in use before: 89.8 MB.
System memory in use after: 89.8 MB.

Unloading 12 unused Assets to reduce memory usage. Loaded Objects now: 2405.
Total: 2.179900 ms (FindLiveObjects: 0.356200 ms CreateObjectMapping: 0.090900 ms MarkObjects: 1.620500 ms  DeleteObjects: 0.110700 ms)

========================================================================
Received Import Request.
  Time since last request: 397.810684 seconds.
  path: Assets/Scripts/OrbSizer.cs
  artifactKey: Guid(3bdc0a8bd59b43e4cb20817d74aaacb7) Importer(815301076,1909f56bfc062723c751e8b465ee728b)
Start importing Assets/Scripts/OrbSizer.cs using Guid(3bdc0a8bd59b43e4cb20817d74aaacb7) Importer(815301076,1909f56bfc062723c751e8b465ee728b)  -> (artifact id: '69712708b05be7469043da76331422c5') in 0.003957 seconds
  Import took 0.006938 seconds .

========================================================================
Received Prepare
Registering precompiled user dll's ...
Registered in 0.000926 seconds.
Begin MonoManager ReloadAssembly
Native extension for WindowsStandalone target not found
Refreshing native plugins compatible for Editor in 0.35 ms, found 1 plugins.
Preloading 0 native plugins for Editor in 0.00 ms.
Invoked RoslynAnalysisRunner static constructor.
RoslynAnalysisRunner will not be running.
RoslynAnalysisRunner has terminated.
Mono: successfully reloaded assembly
- Completed reload, in  0.754 seconds
Platform modules already initialized, skipping
Refreshing native plugins compatible for Editor in 0.36 ms, found 1 plugins.
Preloading 0 native plugins for Editor in 0.00 ms.
Unloading 1826 Unused Serialized files (Serialized files now loaded: 0)
System memory in use before: 89.8 MB.
System memory in use after: 89.8 MB.

Unloading 12 unused Assets to reduce memory usage. Loaded Objects now: 2409.
Total: 2.005700 ms (FindLiveObjects: 0.232600 ms CreateObjectMapping: 0.062400 ms MarkObjects: 1.573300 ms  DeleteObjects: 0.136600 ms)

========================================================================
Received Import Request.
  Time since last request: 232.247058 seconds.
  path: Assets/Scripts/OrbSizer.cs
  artifactKey: Guid(3bdc0a8bd59b43e4cb20817d74aaacb7) Importer(815301076,1909f56bfc062723c751e8b465ee728b)
Start importing Assets/Scripts/OrbSizer.cs using Guid(3bdc0a8bd59b43e4cb20817d74aaacb7) Importer(815301076,1909f56bfc062723c751e8b465ee728b)  -> (artifact id: 'aba5e6e5de469d67f2dd4c9295b151ac') in 0.004142 seconds
  Import took 0.007255 seconds .

========================================================================
Received Import Request.
  Time since last request: 0.010427 seconds.
  path: Assets/Scripts/OrbSizer.cs
  artifactKey: Guid(3bdc0a8bd59b43e4cb20817d74aaacb7) Importer(815301076,1909f56bfc062723c751e8b465ee728b)
Start importing Assets/Scripts/OrbSizer.cs using Guid(3bdc0a8bd59b43e4cb20817d74aaacb7) Importer(815301076,1909f56bfc062723c751e8b465ee728b)  -> (artifact id: 'aba5e6e5de469d67f2dd4c9295b151ac') in 0.002577 seconds
  Import took 0.005829 seconds .

========================================================================
Received Prepare
Registering precompiled user dll's ...
Registered in 0.000929 seconds.
Begin MonoManager ReloadAssembly
Native extension for WindowsStandalone target not found
Refreshing native plugins compatible for Editor in 0.33 ms, found 1 plugins.
Preloading 0 native plugins for Editor in 0.00 ms.
Invoked RoslynAnalysisRunner static constructor.
RoslynAnalysisRunner will not be running.
RoslynAnalysisRunner has terminated.
Mono: successfully reloaded assembly
- Completed reload, in  0.752 seconds
Platform modules already initialized, skipping
Refreshing native plugins compatible for Editor in 0.34 ms, found 1 plugins.
Preloading 0 native plugins for Editor in 0.00 ms.
Unloading 1826 Unused Serialized files (Serialized files now loaded: 0)
System memory in use before: 89.8 MB.
System memory in use after: 89.8 MB.

Unloading 12 unused Assets to reduce memory usage. Loaded Objects now: 2413.
Total: 2.046500 ms (FindLiveObjects: 0.224600 ms CreateObjectMapping: 0.076600 ms MarkObjects: 1.638200 ms  DeleteObjects: 0.106100 ms)

========================================================================
Received Import Request.
  Time since last request: 45.811256 seconds.
  path: Assets/Scripts/OrbSizer.cs
  artifactKey: Guid(3bdc0a8bd59b43e4cb20817d74aaacb7) Importer(815301076,1909f56bfc062723c751e8b465ee728b)
Start importing Assets/Scripts/OrbSizer.cs using Guid(3bdc0a8bd59b43e4cb20817d74aaacb7) Importer(815301076,1909f56bfc062723c751e8b465ee728b)  -> (artifact id: '320b0f53619c5a7c790db5fdd71f73a8') in 0.003933 seconds
  Import took 0.006928 seconds .

========================================================================
Received Prepare
Registering precompiled user dll's ...
Registered in 0.001242 seconds.
Begin MonoManager ReloadAssembly
Native extension for WindowsStandalone target not found
Refreshing native plugins compatible for Editor in 0.36 ms, found 1 plugins.
Preloading 0 native plugins for Editor in 0.00 ms.
Invoked RoslynAnalysisRunner static constructor.
RoslynAnalysisRunner will not be running.
RoslynAnalysisRunner has terminated.
Mono: successfully reloaded assembly
- Completed reload, in  0.738 seconds
Platform modules already initialized, skipping
Refreshing native plugins compatible for Editor in 0.33 ms, found 1 plugins.
Preloading 0 native plugins for Editor in 0.00 ms.
Unloading 1826 Unused Serialized files (Serialized files now loaded: 0)
System memory in use before: 89.9 MB.
System memory in use after: 89.8 MB.

Unloading 12 unused Assets to reduce memory usage. Loaded Objects now: 2417.
Total: 1.963500 ms (FindLiveObjects: 0.196800 ms CreateObjectMapping: 0.070300 ms MarkObjects: 1.596400 ms  DeleteObjects: 0.098600 ms)

========================================================================
Received Prepare
Registering precompiled user dll's ...
Registered in 0.001159 seconds.
Begin MonoManager ReloadAssembly
Native extension for WindowsStandalone target not found
Refreshing native plugins compatible for Editor in 0.38 ms, found 1 plugins.
Preloading 0 native plugins for Editor in 0.00 ms.
Invoked RoslynAnalysisRunner static constructor.
RoslynAnalysisRunner will not be running.
RoslynAnalysisRunner has terminated.
Mono: successfully reloaded assembly
- Completed reload, in  0.740 seconds
Platform modules already initialized, skipping
Refreshing native plugins compatible for Editor in 0.33 ms, found 1 plugins.
Preloading 0 native plugins for Editor in 0.00 ms.
Unloading 1826 Unused Serialized files (Serialized files now loaded: 0)
System memory in use before: 89.9 MB.
System memory in use after: 89.9 MB.

Unloading 12 unused Assets to reduce memory usage. Loaded Objects now: 2421.
Total: 1.930300 ms (FindLiveObjects: 0.196600 ms CreateObjectMapping: 0.070800 ms MarkObjects: 1.561200 ms  DeleteObjects: 0.100800 ms)

========================================================================
Received Prepare
Registering precompiled user dll's ...
Registered in 0.000895 seconds.
Begin MonoManager ReloadAssembly
Native extension for WindowsStandalone target not found
Refreshing native plugins compatible for Editor in 0.33 ms, found 1 plugins.
Preloading 0 native plugins for Editor in 0.00 ms.
Invoked RoslynAnalysisRunner static constructor.
RoslynAnalysisRunner will not be running.
RoslynAnalysisRunner has terminated.
Mono: successfully reloaded assembly
- Completed reload, in  0.752 seconds
Platform modules already initialized, skipping
Refreshing native plugins compatible for Editor in 0.33 ms, found 1 plugins.
Preloading 0 native plugins for Editor in 0.00 ms.
Unloading 1826 Unused Serialized files (Serialized files now loaded: 0)
System memory in use before: 89.9 MB.
System memory in use after: 89.9 MB.

Unloading 12 unused Assets to reduce memory usage. Loaded Objects now: 2425.
Total: 1.895100 ms (FindLiveObjects: 0.178500 ms CreateObjectMapping: 0.063800 ms MarkObjects: 1.550800 ms  DeleteObjects: 0.101200 ms)

========================================================================
Received Prepare
Registering precompiled user dll's ...
Registered in 0.001129 seconds.
Begin MonoManager ReloadAssembly
Native extension for WindowsStandalone target not found
Refreshing native plugins compatible for Editor in 0.34 ms, found 1 plugins.
Preloading 0 native plugins for Editor in 0.00 ms.
Invoked RoslynAnalysisRunner static constructor.
RoslynAnalysisRunner will not be running.
RoslynAnalysisRunner has terminated.
Mono: successfully reloaded assembly
- Completed reload, in  0.756 seconds
Platform modules already initialized, skipping
Refreshing native plugins compatible for Editor in 0.34 ms, found 1 plugins.
Preloading 0 native plugins for Editor in 0.00 ms.
Unloading 1826 Unused Serialized files (Serialized files now loaded: 0)
System memory in use before: 89.9 MB.
System memory in use after: 89.9 MB.

Unloading 12 unused Assets to reduce memory usage. Loaded Objects now: 2429.
Total: 1.926900 ms (FindLiveObjects: 0.187700 ms CreateObjectMapping: 0.065700 ms MarkObjects: 1.559100 ms  DeleteObjects: 0.113300 ms)

========================================================================
Received Prepare
Registering precompiled user dll's ...
Registered in 0.000947 seconds.
Begin MonoManager ReloadAssembly
Native extension for WindowsStandalone target not found
Refreshing native plugins compatible for Editor in 0.34 ms, found 1 plugins.
Preloading 0 native plugins for Editor in 0.00 ms.
Invoked RoslynAnalysisRunner static constructor.
RoslynAnalysisRunner will not be running.
RoslynAnalysisRunner has terminated.
Mono: successfully reloaded assembly
- Completed reload, in  0.753 seconds
Platform modules already initialized, skipping
Refreshing native plugins compatible for Editor in 0.37 ms, found 1 plugins.
Preloading 0 native plugins for Editor in 0.00 ms.
Unloading 1826 Unused Serialized files (Serialized files now loaded: 0)
System memory in use before: 89.9 MB.
System memory in use after: 89.9 MB.

Unloading 12 unused Assets to reduce memory usage. Loaded Objects now: 2433.
Total: 1.959900 ms (FindLiveObjects: 0.230800 ms CreateObjectMapping: 0.113000 ms MarkObjects: 1.512000 ms  DeleteObjects: 0.102900 ms)

========================================================================
Received Prepare
Registering precompiled user dll's ...
Registered in 0.000924 seconds.
Begin MonoManager ReloadAssembly
Native extension for WindowsStandalone target not found
Refreshing native plugins compatible for Editor in 0.34 ms, found 1 plugins.
Preloading 0 native plugins for Editor in 0.00 ms.
Invoked RoslynAnalysisRunner static constructor.
RoslynAnalysisRunner will not be running.
RoslynAnalysisRunner has terminated.
Mono: successfully reloaded assembly
- Completed reload, in  0.743 seconds
Platform modules already initialized, skipping
Refreshing native plugins compatible for Editor in 0.36 ms, found 1 plugins.
Preloading 0 native plugins for Editor in 0.00 ms.
Unloading 1826 Unused Serialized files (Serialized files now loaded: 0)
System memory in use before: 89.9 MB.
System memory in use after: 89.9 MB.

Unloading 12 unused Assets to reduce memory usage. Loaded Objects now: 2437.
Total: 1.996400 ms (FindLiveObjects: 0.201700 ms CreateObjectMapping: 0.070300 ms MarkObjects: 1.610300 ms  DeleteObjects: 0.113200 ms)

========================================================================
Received Prepare
Registering precompiled user dll's ...
Registered in 0.000879 seconds.
Begin MonoManager ReloadAssembly
Native extension for WindowsStandalone target not found
Refreshing native plugins compatible for Editor in 0.34 ms, found 1 plugins.
Preloading 0 native plugins for Editor in 0.00 ms.
Invoked RoslynAnalysisRunner static constructor.
RoslynAnalysisRunner will not be running.
RoslynAnalysisRunner has terminated.
Mono: successfully reloaded assembly
- Completed reload, in  0.746 seconds
Platform modules already initialized, skipping
Refreshing native plugins compatible for Editor in 0.34 ms, found 1 plugins.
Preloading 0 native plugins for Editor in 0.00 ms.
Unloading 1826 Unused Serialized files (Serialized files now loaded: 0)
System memory in use before: 89.9 MB.
System memory in use after: 89.9 MB.

Unloading 12 unused Assets to reduce memory usage. Loaded Objects now: 2441.
Total: 1.900300 ms (FindLiveObjects: 0.199500 ms CreateObjectMapping: 0.068500 ms MarkObjects: 1.533100 ms  DeleteObjects: 0.098200 ms)

========================================================================
Received Prepare
Registering precompiled user dll's ...
Registered in 0.001019 seconds.
Begin MonoManager ReloadAssembly
Native extension for WindowsStandalone target not found
Refreshing native plugins compatible for Editor in 0.36 ms, found 1 plugins.
Preloading 0 native plugins for Editor in 0.00 ms.
Invoked RoslynAnalysisRunner static constructor.
RoslynAnalysisRunner will not be running.
RoslynAnalysisRunner has terminated.
Mono: successfully reloaded assembly
- Completed reload, in  0.740 seconds
Platform modules already initialized, skipping
Refreshing native plugins compatible for Editor in 0.37 ms, found 1 plugins.
Preloading 0 native plugins for Editor in 0.00 ms.
Unloading 1826 Unused Serialized files (Serialized files now loaded: 0)
System memory in use before: 89.9 MB.
System memory in use after: 89.9 MB.

Unloading 12 unused Assets to reduce memory usage. Loaded Objects now: 2445.
Total: 2.153000 ms (FindLiveObjects: 0.229600 ms CreateObjectMapping: 0.087300 ms MarkObjects: 1.724700 ms  DeleteObjects: 0.110300 ms)

========================================================================
Received Import Request.
  Time since last request: 1308.507424 seconds.
  path: Assets/Resources/Orbs/PinkOrb.asset
  artifactKey: Guid(1930bd28b0d5b6d4baf644ea6e9a99fd) Importer(815301076,1909f56bfc062723c751e8b465ee728b)
Start importing Assets/Resources/Orbs/PinkOrb.asset using Guid(1930bd28b0d5b6d4baf644ea6e9a99fd) Importer(815301076,1909f56bfc062723c751e8b465ee728b)  -> (artifact id: '83871754b052a1c2dd5c1e5258dcafb3') in 0.016276 seconds
  Import took 0.020161 seconds .

========================================================================
Received Import Request.
  Time since last request: 0.000285 seconds.
  path: Assets/Resources/Orbs/purpleOrb.asset
  artifactKey: Guid(b61c052ca457d654b97c4284eb336fd0) Importer(815301076,1909f56bfc062723c751e8b465ee728b)
Start importing Assets/Resources/Orbs/purpleOrb.asset using Guid(b61c052ca457d654b97c4284eb336fd0) Importer(815301076,1909f56bfc062723c751e8b465ee728b)  -> (artifact id: 'dafcf23206d0dc425988ec5e15d15991') in 0.006720 seconds
  Import took 0.010234 seconds .

========================================================================
Received Import Request.
  Time since last request: 0.000260 seconds.
  path: Assets/Resources/Orbs/tealOrb.asset
  artifactKey: Guid(8016469af84ddac449670eff1336d955) Importer(815301076,1909f56bfc062723c751e8b465ee728b)
Start importing Assets/Resources/Orbs/tealOrb.asset using Guid(8016469af84ddac449670eff1336d955) Importer(815301076,1909f56bfc062723c751e8b465ee728b)  -> (artifact id: '7ac7ba0766eddc95443e1eafcfc75776') in 0.006731 seconds
  Import took 0.009523 seconds .

========================================================================
Received Import Request.
  Time since last request: 0.000281 seconds.
  path: Assets/Resources/Orbs/GreenOrb.asset
  artifactKey: Guid(7f9e5e368e23e7c4790c96efb449d898) Importer(815301076,1909f56bfc062723c751e8b465ee728b)
Start importing Assets/Resources/Orbs/GreenOrb.asset using Guid(7f9e5e368e23e7c4790c96efb449d898) Importer(815301076,1909f56bfc062723c751e8b465ee728b)  -> (artifact id: '1039494147e7fa2011c6c1db993aa5a4') in 0.006506 seconds
  Import took 0.009283 seconds .

========================================================================
Received Import Request.
  Time since last request: 0.000264 seconds.
  path: Assets/Resources/Orbs/YellowOrb.asset
  artifactKey: Guid(6fadd50b4cf50f44e9c14dadb80e0161) Importer(815301076,1909f56bfc062723c751e8b465ee728b)
Start importing Assets/Resources/Orbs/YellowOrb.asset using Guid(6fadd50b4cf50f44e9c14dadb80e0161) Importer(815301076,1909f56bfc062723c751e8b465ee728b)  -> (artifact id: '9d79387a7bdfa0ad030d8172a2018dbe') in 0.006484 seconds
  Import took 0.009463 seconds .

========================================================================
Received Import Request.
  Time since last request: 0.000239 seconds.
  path: Assets/Resources/Orbs/BlueOrb.asset
  artifactKey: Guid(94caa5ae1a2bf60429eeb02d3eea3440) Importer(815301076,1909f56bfc062723c751e8b465ee728b)
Start importing Assets/Resources/Orbs/BlueOrb.asset using Guid(94caa5ae1a2bf60429eeb02d3eea3440) Importer(815301076,1909f56bfc062723c751e8b465ee728b)  -> (artifact id: 'd5177c42499973939699bcbae376ae15') in 0.006274 seconds
  Import took 0.009518 seconds .

========================================================================
Received Import Request.
  Time since last request: 0.000250 seconds.
  path: Assets/Resources/Orbs/BouncyOrb.asset
  artifactKey: Guid(283ba5f76b5daef489a0342e32d69db8) Importer(815301076,1909f56bfc062723c751e8b465ee728b)
Start importing Assets/Resources/Orbs/BouncyOrb.asset using Guid(283ba5f76b5daef489a0342e32d69db8) Importer(815301076,1909f56bfc062723c751e8b465ee728b)  -> (artifact id: 'aea7cf5d578324e60fe6a6e19c7ddff1') in 0.006016 seconds
  Import took 0.009325 seconds .

========================================================================
Received Prepare
Registering precompiled user dll's ...
Registered in 0.000994 seconds.
Begin MonoManager ReloadAssembly
Native extension for WindowsStandalone target not found
Refreshing native plugins compatible for Editor in 0.33 ms, found 1 plugins.
Preloading 0 native plugins for Editor in 0.00 ms.
Invoked RoslynAnalysisRunner static constructor.
RoslynAnalysisRunner will not be running.
RoslynAnalysisRunner has terminated.
Mono: successfully reloaded assembly
- Completed reload, in  0.756 seconds
Platform modules already initialized, skipping
Refreshing native plugins compatible for Editor in 0.34 ms, found 1 plugins.
Preloading 0 native plugins for Editor in 0.00 ms.
Unloading 1826 Unused Serialized files (Serialized files now loaded: 0)
System memory in use before: 89.9 MB.
System memory in use after: 89.9 MB.

Unloading 12 unused Assets to reduce memory usage. Loaded Objects now: 2449.
Total: 1.992900 ms (FindLiveObjects: 0.249500 ms CreateObjectMapping: 0.065800 ms MarkObjects: 1.571500 ms  DeleteObjects: 0.105100 ms)

========================================================================
Received Prepare
Registering precompiled user dll's ...
Registered in 0.002109 seconds.
Begin MonoManager ReloadAssembly
Native extension for WindowsStandalone target not found
Refreshing native plugins compatible for Editor in 0.34 ms, found 1 plugins.
Preloading 0 native plugins for Editor in 0.00 ms.
Invoked RoslynAnalysisRunner static constructor.
RoslynAnalysisRunner will not be running.
RoslynAnalysisRunner has terminated.
Mono: successfully reloaded assembly
- Completed reload, in  0.741 seconds
Platform modules already initialized, skipping
Refreshing native plugins compatible for Editor in 0.34 ms, found 1 plugins.
Preloading 0 native plugins for Editor in 0.00 ms.
Unloading 1826 Unused Serialized files (Serialized files now loaded: 0)
System memory in use before: 89.9 MB.
System memory in use after: 89.9 MB.

Unloading 12 unused Assets to reduce memory usage. Loaded Objects now: 2453.
Total: 2.050000 ms (FindLiveObjects: 0.235900 ms CreateObjectMapping: 0.077300 ms MarkObjects: 1.633100 ms  DeleteObjects: 0.102700 ms)

========================================================================
Received Import Request.
  Time since last request: 194.131087 seconds.
  path: Assets/Scenes/BuilderScene.unity
  artifactKey: Guid(cf80cfa98f0d22e4b9fe75e2deee867d) Importer(815301076,1909f56bfc062723c751e8b465ee728b)
Start importing Assets/Scenes/BuilderScene.unity using Guid(cf80cfa98f0d22e4b9fe75e2deee867d) Importer(815301076,1909f56bfc062723c751e8b465ee728b)  -> (artifact id: '106734bacefa0ae6bcb6f453a0a083f2') in 0.013242 seconds
  Import took 0.016040 seconds .

========================================================================
Received Prepare
Refreshing native plugins compatible for Editor in 1.66 ms, found 1 plugins.
Preloading 0 native plugins for Editor in 0.00 ms.
Unloading 10 Unused Serialized files (Serialized files now loaded: 0)
System memory in use before: 54.1 MB.
System memory in use after: 54.1 MB.

Unloading 10 unused Assets to reduce memory usage. Loaded Objects now: 2453.
Total: 3.092000 ms (FindLiveObjects: 0.207300 ms CreateObjectMapping: 0.076900 ms MarkObjects: 2.571800 ms  DeleteObjects: 0.219100 ms)

========================================================================
Received Prepare
Refreshing native plugins compatible for Editor in 1.75 ms, found 1 plugins.
Preloading 0 native plugins for Editor in 0.00 ms.
Unloading 10 Unused Serialized files (Serialized files now loaded: 0)
System memory in use before: 54.1 MB.
System memory in use after: 54.1 MB.

Unloading 10 unused Assets to reduce memory usage. Loaded Objects now: 2453.
Total: 2.964000 ms (FindLiveObjects: 0.267300 ms CreateObjectMapping: 0.085100 ms MarkObjects: 2.503900 ms  DeleteObjects: 0.106600 ms)

========================================================================
Received Prepare
Registering precompiled user dll's ...
Registered in 0.000852 seconds.
Begin MonoManager ReloadAssembly
Native extension for WindowsStandalone target not found
Refreshing native plugins compatible for Editor in 0.33 ms, found 1 plugins.
Preloading 0 native plugins for Editor in 0.00 ms.
Invoked RoslynAnalysisRunner static constructor.
RoslynAnalysisRunner will not be running.
RoslynAnalysisRunner has terminated.
Mono: successfully reloaded assembly
- Completed reload, in  0.729 seconds
Platform modules already initialized, skipping
Refreshing native plugins compatible for Editor in 0.36 ms, found 1 plugins.
Preloading 0 native plugins for Editor in 0.00 ms.
Unloading 1826 Unused Serialized files (Serialized files now loaded: 0)
System memory in use before: 90.0 MB.
System memory in use after: 90.0 MB.

Unloading 12 unused Assets to reduce memory usage. Loaded Objects now: 2457.
Total: 2.103100 ms (FindLiveObjects: 0.221700 ms CreateObjectMapping: 0.081400 ms MarkObjects: 1.694100 ms  DeleteObjects: 0.104700 ms)

========================================================================
Received Prepare
Registering precompiled user dll's ...
Registered in 0.000958 seconds.
Begin MonoManager ReloadAssembly
Native extension for WindowsStandalone target not found
Refreshing native plugins compatible for Editor in 0.35 ms, found 1 plugins.
Preloading 0 native plugins for Editor in 0.00 ms.
Invoked RoslynAnalysisRunner static constructor.
RoslynAnalysisRunner will not be running.
RoslynAnalysisRunner has terminated.
Mono: successfully reloaded assembly
- Completed reload, in  0.751 seconds
Platform modules already initialized, skipping
Refreshing native plugins compatible for Editor in 0.34 ms, found 1 plugins.
Preloading 0 native plugins for Editor in 0.00 ms.
Unloading 1826 Unused Serialized files (Serialized files now loaded: 0)
System memory in use before: 90.0 MB.
System memory in use after: 90.0 MB.

Unloading 12 unused Assets to reduce memory usage. Loaded Objects now: 2461.
Total: 1.999300 ms (FindLiveObjects: 0.197300 ms CreateObjectMapping: 0.071200 ms MarkObjects: 1.625500 ms  DeleteObjects: 0.104200 ms)

========================================================================
Received Import Request.
  Time since last request: 928.084994 seconds.
  path: Assets/TextMesh Pro/Fonts/LiberationSans.ttf
  artifactKey: Guid(e3265ab4bf004d28a9537516768c1c75) Importer(815301076,1909f56bfc062723c751e8b465ee728b)
Start importing Assets/TextMesh Pro/Fonts/LiberationSans.ttf using Guid(e3265ab4bf004d28a9537516768c1c75) Importer(815301076,1909f56bfc062723c751e8b465ee728b)  -> (artifact id: '582cd71fd18b79c2b84d619ab685f93a') in 0.086115 seconds
  Import took 0.089887 seconds .

========================================================================
Received Import Request.
  Time since last request: 0.000220 seconds.
  path: Assets/TextMesh Pro/Resources/Fonts & Materials/LiberationSans SDF - Outline.mat
  artifactKey: Guid(79459efec17a4d00a321bdcc27bbc385) Importer(815301076,1909f56bfc062723c751e8b465ee728b)
Start importing Assets/TextMesh Pro/Resources/Fonts & Materials/LiberationSans SDF - Outline.mat using Guid(79459efec17a4d00a321bdcc27bbc385) Importer(815301076,1909f56bfc062723c751e8b465ee728b)  -> (artifact id: 'ab24fc5cc2268605514f339f9d68bda1') in 0.050703 seconds
  Import took 0.053345 seconds .

========================================================================
Received Import Request.
  Time since last request: 0.000205 seconds.
  path: Assets/TextMesh Pro/Resources/Fonts & Materials/LiberationSans SDF - Drop Shadow.mat
  artifactKey: Guid(e73a58f6e2794ae7b1b7e50b7fb811b0) Importer(815301076,1909f56bfc062723c751e8b465ee728b)
Start importing Assets/TextMesh Pro/Resources/Fonts & Materials/LiberationSans SDF - Drop Shadow.mat using Guid(e73a58f6e2794ae7b1b7e50b7fb811b0) Importer(815301076,1909f56bfc062723c751e8b465ee728b)  -> (artifact id: 'e54454451e57270fef382a2a9390f6f2') in 0.027806 seconds
  Import took 0.030544 seconds .

========================================================================
Received Prepare
Registering precompiled user dll's ...
Registered in 0.000975 seconds.
Begin MonoManager ReloadAssembly
Native extension for WindowsStandalone target not found
Refreshing native plugins compatible for Editor in 0.33 ms, found 1 plugins.
Preloading 0 native plugins for Editor in 0.00 ms.
Invoked RoslynAnalysisRunner static constructor.
RoslynAnalysisRunner will not be running.
RoslynAnalysisRunner has terminated.
Mono: successfully reloaded assembly
- Completed reload, in  0.747 seconds
Platform modules already initialized, skipping
Refreshing native plugins compatible for Editor in 0.35 ms, found 1 plugins.
Preloading 0 native plugins for Editor in 0.00 ms.
Unloading 1826 Unused Serialized files (Serialized files now loaded: 0)
System memory in use before: 90.1 MB.
System memory in use after: 90.1 MB.

Unloading 12 unused Assets to reduce memory usage. Loaded Objects now: 2468.
Total: 2.222000 ms (FindLiveObjects: 0.213500 ms CreateObjectMapping: 0.094000 ms MarkObjects: 1.799900 ms  DeleteObjects: 0.113300 ms)

========================================================================
Received Prepare
Registering precompiled user dll's ...
Registered in 0.000885 seconds.
Begin MonoManager ReloadAssembly
Native extension for WindowsStandalone target not found
Refreshing native plugins compatible for Editor in 0.37 ms, found 1 plugins.
Preloading 0 native plugins for Editor in 0.00 ms.
Invoked RoslynAnalysisRunner static constructor.
RoslynAnalysisRunner will not be running.
RoslynAnalysisRunner has terminated.
Mono: successfully reloaded assembly
- Completed reload, in  0.755 seconds
Platform modules already initialized, skipping
Refreshing native plugins compatible for Editor in 0.33 ms, found 1 plugins.
Preloading 0 native plugins for Editor in 0.00 ms.
Unloading 1826 Unused Serialized files (Serialized files now loaded: 0)
System memory in use before: 90.1 MB.
System memory in use after: 90.1 MB.

Unloading 12 unused Assets to reduce memory usage. Loaded Objects now: 2472.
Total: 2.055900 ms (FindLiveObjects: 0.237800 ms CreateObjectMapping: 0.083800 ms MarkObjects: 1.618900 ms  DeleteObjects: 0.114500 ms)

========================================================================
Received Prepare
Registering precompiled user dll's ...
Registered in 0.000968 seconds.
Begin MonoManager ReloadAssembly
Native extension for WindowsStandalone target not found
Refreshing native plugins compatible for Editor in 0.43 ms, found 1 plugins.
Preloading 0 native plugins for Editor in 0.00 ms.
Invoked RoslynAnalysisRunner static constructor.
RoslynAnalysisRunner will not be running.
RoslynAnalysisRunner has terminated.
Mono: successfully reloaded assembly
- Completed reload, in  0.744 seconds
Platform modules already initialized, skipping
Refreshing native plugins compatible for Editor in 0.34 ms, found 1 plugins.
Preloading 0 native plugins for Editor in 0.00 ms.
Unloading 1826 Unused Serialized files (Serialized files now loaded: 0)
System memory in use before: 90.2 MB.
System memory in use after: 90.2 MB.

Unloading 12 unused Assets to reduce memory usage. Loaded Objects now: 2476.
Total: 1.954900 ms (FindLiveObjects: 0.198600 ms CreateObjectMapping: 0.066700 ms MarkObjects: 1.578800 ms  DeleteObjects: 0.109400 ms)

========================================================================
Received Prepare
Registering precompiled user dll's ...
Registered in 0.000993 seconds.
Begin MonoManager ReloadAssembly
Native extension for WindowsStandalone target not found
Refreshing native plugins compatible for Editor in 0.35 ms, found 1 plugins.
Preloading 0 native plugins for Editor in 0.00 ms.
Invoked RoslynAnalysisRunner static constructor.
RoslynAnalysisRunner will not be running.
RoslynAnalysisRunner has terminated.
Mono: successfully reloaded assembly
- Completed reload, in  0.758 seconds
Platform modules already initialized, skipping
Refreshing native plugins compatible for Editor in 0.33 ms, found 1 plugins.
Preloading 0 native plugins for Editor in 0.00 ms.
Unloading 1826 Unused Serialized files (Serialized files now loaded: 0)
System memory in use before: 90.2 MB.
System memory in use after: 90.2 MB.

Unloading 12 unused Assets to reduce memory usage. Loaded Objects now: 2480.
Total: 1.951700 ms (FindLiveObjects: 0.182700 ms CreateObjectMapping: 0.061300 ms MarkObjects: 1.596600 ms  DeleteObjects: 0.110100 ms)

========================================================================
Received Import Request.
  Time since last request: 749.847192 seconds.
  path: Assets/Prefabs/ShopCard.prefab
  artifactKey: Guid(8c68210b4f138e44986b1b8ac606ceb9) Importer(815301076,1909f56bfc062723c751e8b465ee728b)
Start importing Assets/Prefabs/ShopCard.prefab using Guid(8c68210b4f138e44986b1b8ac606ceb9) Importer(815301076,1909f56bfc062723c751e8b465ee728b)  -> (artifact id: '3df937a5f061e2be684a18dae894d096') in 0.083786 seconds
  Import took 0.087413 seconds .

========================================================================
Received Import Request.
  Time since last request: 102.379224 seconds.
  path: Assets/Prefabs/ShopCard.prefab
  artifactKey: Guid(8c68210b4f138e44986b1b8ac606ceb9) Importer(815301076,1909f56bfc062723c751e8b465ee728b)
Start importing Assets/Prefabs/ShopCard.prefab using Guid(8c68210b4f138e44986b1b8ac606ceb9) Importer(815301076,1909f56bfc062723c751e8b465ee728b)  -> (artifact id: '7d9989976e12f80fc908aa75f43d29a4') in 0.032716 seconds
  Import took 0.035936 seconds .

========================================================================
Received Import Request.
  Time since last request: 4.778170 seconds.
  path: Assets/Prefabs/ShopCard.prefab
  artifactKey: Guid(8c68210b4f138e44986b1b8ac606ceb9) Importer(815301076,1909f56bfc062723c751e8b465ee728b)
Start importing Assets/Prefabs/ShopCard.prefab using Guid(8c68210b4f138e44986b1b8ac606ceb9) Importer(815301076,1909f56bfc062723c751e8b465ee728b)  -> (artifact id: 'c642b4ea597f0cf9a8e22b1821e23160') in 0.023617 seconds
  Import took 0.026960 seconds .

========================================================================
Received Import Request.
  Time since last request: 11.164952 seconds.
  path: Assets/Prefabs/ShopCard.prefab
  artifactKey: Guid(8c68210b4f138e44986b1b8ac606ceb9) Importer(815301076,1909f56bfc062723c751e8b465ee728b)
Start importing Assets/Prefabs/ShopCard.prefab using Guid(8c68210b4f138e44986b1b8ac606ceb9) Importer(815301076,1909f56bfc062723c751e8b465ee728b)  -> (artifact id: 'f3635b826583f12724c7e58ce6be2995') in 0.023896 seconds
  Import took 0.027361 seconds .

========================================================================
Received Import Request.
  Time since last request: 6.616887 seconds.
  path: Assets/Prefabs/ShopCard.prefab
  artifactKey: Guid(8c68210b4f138e44986b1b8ac606ceb9) Importer(815301076,1909f56bfc062723c751e8b465ee728b)
Start importing Assets/Prefabs/ShopCard.prefab using Guid(8c68210b4f138e44986b1b8ac606ceb9) Importer(815301076,1909f56bfc062723c751e8b465ee728b)  -> (artifact id: 'f7682d349ee08ea31a95dd5f6c186820') in 0.024879 seconds
  Import took 0.027996 seconds .

========================================================================
Received Import Request.
  Time since last request: 1.805799 seconds.
  path: Assets/Prefabs/ShopCard.prefab
  artifactKey: Guid(8c68210b4f138e44986b1b8ac606ceb9) Importer(815301076,1909f56bfc062723c751e8b465ee728b)
Start importing Assets/Prefabs/ShopCard.prefab using Guid(8c68210b4f138e44986b1b8ac606ceb9) Importer(815301076,1909f56bfc062723c751e8b465ee728b)  -> (artifact id: '12a650b29755b359e0ec013aa6fd5515') in 0.023517 seconds
  Import took 0.026605 seconds .

========================================================================
Received Import Request.
  Time since last request: 3.017984 seconds.
  path: Assets/Prefabs/ShopCard.prefab
  artifactKey: Guid(8c68210b4f138e44986b1b8ac606ceb9) Importer(815301076,1909f56bfc062723c751e8b465ee728b)
Start importing Assets/Prefabs/ShopCard.prefab using Guid(8c68210b4f138e44986b1b8ac606ceb9) Importer(815301076,1909f56bfc062723c751e8b465ee728b)  -> (artifact id: '2fdd5f78bedba7b5641b29b1fe293890') in 0.024012 seconds
  Import took 0.027055 seconds .

========================================================================
Received Import Request.
  Time since last request: 7.460184 seconds.
  path: Assets/Prefabs/ShopCard.prefab
  artifactKey: Guid(8c68210b4f138e44986b1b8ac606ceb9) Importer(815301076,1909f56bfc062723c751e8b465ee728b)
Start importing Assets/Prefabs/ShopCard.prefab using Guid(8c68210b4f138e44986b1b8ac606ceb9) Importer(815301076,1909f56bfc062723c751e8b465ee728b)  -> (artifact id: '9f215066cd173ec2dc1ead96334c4fc7') in 0.024689 seconds
  Import took 0.028200 seconds .

========================================================================
Received Import Request.
  Time since last request: 4.021197 seconds.
  path: Assets/Prefabs/ShopCard.prefab
  artifactKey: Guid(8c68210b4f138e44986b1b8ac606ceb9) Importer(815301076,1909f56bfc062723c751e8b465ee728b)
Start importing Assets/Prefabs/ShopCard.prefab using Guid(8c68210b4f138e44986b1b8ac606ceb9) Importer(815301076,1909f56bfc062723c751e8b465ee728b)  -> (artifact id: '231e4f383b95fa7c4fbea5670a47e1d2') in 0.023170 seconds
  Import took 0.026343 seconds .

========================================================================
Received Import Request.
  Time since last request: 10.563704 seconds.
  path: Assets/Prefabs/ShopCard.prefab
  artifactKey: Guid(8c68210b4f138e44986b1b8ac606ceb9) Importer(815301076,1909f56bfc062723c751e8b465ee728b)
Start importing Assets/Prefabs/ShopCard.prefab using Guid(8c68210b4f138e44986b1b8ac606ceb9) Importer(815301076,1909f56bfc062723c751e8b465ee728b)  -> (artifact id: '2699367c87f4372e06b8a5f38f526275') in 0.023610 seconds
  Import took 0.027276 seconds .

========================================================================
Received Import Request.
  Time since last request: 5.633800 seconds.
  path: Assets/Prefabs/ShopCard.prefab
  artifactKey: Guid(8c68210b4f138e44986b1b8ac606ceb9) Importer(815301076,1909f56bfc062723c751e8b465ee728b)
Start importing Assets/Prefabs/ShopCard.prefab using Guid(8c68210b4f138e44986b1b8ac606ceb9) Importer(815301076,1909f56bfc062723c751e8b465ee728b)  -> (artifact id: '4a1c0a9e1334be1a0b4bf76c44bbaf36') in 0.023002 seconds
  Import took 0.026103 seconds .

========================================================================
Received Import Request.
  Time since last request: 5.829965 seconds.
  path: Assets/Prefabs/ShopCard.prefab
  artifactKey: Guid(8c68210b4f138e44986b1b8ac606ceb9) Importer(815301076,1909f56bfc062723c751e8b465ee728b)
Start importing Assets/Prefabs/ShopCard.prefab using Guid(8c68210b4f138e44986b1b8ac606ceb9) Importer(815301076,1909f56bfc062723c751e8b465ee728b)  -> (artifact id: 'd3843e81aa13f84437850e210ac87cdc') in 0.023118 seconds
  Import took 0.026568 seconds .

========================================================================
Received Import Request.
  Time since last request: 6.069604 seconds.
  path: Assets/Prefabs/ShopCard.prefab
  artifactKey: Guid(8c68210b4f138e44986b1b8ac606ceb9) Importer(815301076,1909f56bfc062723c751e8b465ee728b)
Start importing Assets/Prefabs/ShopCard.prefab using Guid(8c68210b4f138e44986b1b8ac606ceb9) Importer(815301076,1909f56bfc062723c751e8b465ee728b)  -> (artifact id: 'fae184b6b08164998b29ffbdaa5702d7') in 0.024225 seconds
  Import took 0.027305 seconds .

========================================================================
Received Import Request.
  Time since last request: 5.048494 seconds.
  path: Assets/Prefabs/ShopCard.prefab
  artifactKey: Guid(8c68210b4f138e44986b1b8ac606ceb9) Importer(815301076,1909f56bfc062723c751e8b465ee728b)
Start importing Assets/Prefabs/ShopCard.prefab using Guid(8c68210b4f138e44986b1b8ac606ceb9) Importer(815301076,1909f56bfc062723c751e8b465ee728b)  -> (artifact id: 'ee8e6fbc287bce259d520aac8218071c') in 0.023468 seconds
  Import took 0.026662 seconds .

========================================================================
Received Import Request.
  Time since last request: 2.917389 seconds.
  path: Assets/Prefabs/ShopCard.prefab
  artifactKey: Guid(8c68210b4f138e44986b1b8ac606ceb9) Importer(815301076,1909f56bfc062723c751e8b465ee728b)
Start importing Assets/Prefabs/ShopCard.prefab using Guid(8c68210b4f138e44986b1b8ac606ceb9) Importer(815301076,1909f56bfc062723c751e8b465ee728b)  -> (artifact id: '2882bf9db0c76a7410a11ebed90fa639') in 0.023328 seconds
  Import took 0.026744 seconds .

========================================================================
Received Import Request.
  Time since last request: 5.359347 seconds.
  path: Assets/Prefabs/ShopCard.prefab
  artifactKey: Guid(8c68210b4f138e44986b1b8ac606ceb9) Importer(815301076,1909f56bfc062723c751e8b465ee728b)
Start importing Assets/Prefabs/ShopCard.prefab using Guid(8c68210b4f138e44986b1b8ac606ceb9) Importer(815301076,1909f56bfc062723c751e8b465ee728b)  -> (artifact id: '9e11dcf82050d11a01194e794558f26a') in 0.024186 seconds
  Import took 0.027409 seconds .

========================================================================
Received Prepare
Registering precompiled user dll's ...
Registered in 0.000916 seconds.
Begin MonoManager ReloadAssembly
Native extension for WindowsStandalone target not found
Refreshing native plugins compatible for Editor in 0.37 ms, found 1 plugins.
Preloading 0 native plugins for Editor in 0.00 ms.
Invoked RoslynAnalysisRunner static constructor.
RoslynAnalysisRunner will not be running.
RoslynAnalysisRunner has terminated.
Mono: successfully reloaded assembly
- Completed reload, in  0.747 seconds
Platform modules already initialized, skipping
Refreshing native plugins compatible for Editor in 0.35 ms, found 1 plugins.
Preloading 0 native plugins for Editor in 0.00 ms.
Unloading 1826 Unused Serialized files (Serialized files now loaded: 0)
System memory in use before: 90.1 MB.
System memory in use after: 90.1 MB.

Unloading 13 unused Assets to reduce memory usage. Loaded Objects now: 2484.
Total: 1.999100 ms (FindLiveObjects: 0.213300 ms CreateObjectMapping: 0.067300 ms MarkObjects: 1.594200 ms  DeleteObjects: 0.123400 ms)

========================================================================
Received Import Request.
  Time since last request: 147.116922 seconds.
  path: Assets/Prefabs/ShopCard.prefab
  artifactKey: Guid(8c68210b4f138e44986b1b8ac606ceb9) Importer(815301076,1909f56bfc062723c751e8b465ee728b)
Start importing Assets/Prefabs/ShopCard.prefab using Guid(8c68210b4f138e44986b1b8ac606ceb9) Importer(815301076,1909f56bfc062723c751e8b465ee728b)  -> (artifact id: '1d858aa3d9302765c4000600ba3c53cc') in 0.077594 seconds
  Import took 0.080673 seconds .

========================================================================
Received Import Request.
  Time since last request: 8.047944 seconds.
  path: Assets/Prefabs/ShopCard.prefab
  artifactKey: Guid(8c68210b4f138e44986b1b8ac606ceb9) Importer(815301076,1909f56bfc062723c751e8b465ee728b)
Start importing Assets/Prefabs/ShopCard.prefab using Guid(8c68210b4f138e44986b1b8ac606ceb9) Importer(815301076,1909f56bfc062723c751e8b465ee728b)  -> (artifact id: 'd0343856c3ebf9e1a963f74355f454fd') in 0.024845 seconds
  Import took 0.027901 seconds .

========================================================================
Received Import Request.
  Time since last request: 9.792953 seconds.
  path: Assets/Prefabs/ShopCard.prefab
  artifactKey: Guid(8c68210b4f138e44986b1b8ac606ceb9) Importer(815301076,1909f56bfc062723c751e8b465ee728b)
Start importing Assets/Prefabs/ShopCard.prefab using Guid(8c68210b4f138e44986b1b8ac606ceb9) Importer(815301076,1909f56bfc062723c751e8b465ee728b)  -> (artifact id: 'a37b45dcc8be3f94ce91c7db343c8139') in 0.023931 seconds
  Import took 0.026981 seconds .

========================================================================
Received Import Request.
  Time since last request: 25.251453 seconds.
  path: Assets/Prefabs/ShopCard.prefab
  artifactKey: Guid(8c68210b4f138e44986b1b8ac606ceb9) Importer(815301076,1909f56bfc062723c751e8b465ee728b)
Start importing Assets/Prefabs/ShopCard.prefab using Guid(8c68210b4f138e44986b1b8ac606ceb9) Importer(815301076,1909f56bfc062723c751e8b465ee728b)  -> (artifact id: '7d7b28af30d7fe76882b1b1d68ffa46d') in 0.023685 seconds
  Import took 0.026741 seconds .

========================================================================
Received Import Request.
  Time since last request: 3.400049 seconds.
  path: Assets/Prefabs/ShopCard.prefab
  artifactKey: Guid(8c68210b4f138e44986b1b8ac606ceb9) Importer(815301076,1909f56bfc062723c751e8b465ee728b)
Start importing Assets/Prefabs/ShopCard.prefab using Guid(8c68210b4f138e44986b1b8ac606ceb9) Importer(815301076,1909f56bfc062723c751e8b465ee728b)  -> (artifact id: '46bfe2be7ef947ea906fd3d43d1ab24d') in 0.025182 seconds
  Import took 0.028651 seconds .

========================================================================
Received Import Request.
  Time since last request: 2.612296 seconds.
  path: Assets/Prefabs/ShopCard.prefab
  artifactKey: Guid(8c68210b4f138e44986b1b8ac606ceb9) Importer(815301076,1909f56bfc062723c751e8b465ee728b)
Start importing Assets/Prefabs/ShopCard.prefab using Guid(8c68210b4f138e44986b1b8ac606ceb9) Importer(815301076,1909f56bfc062723c751e8b465ee728b)  -> (artifact id: '81f9bfb51f34a20b6b1a74a3aabc65cb') in 0.023946 seconds
  Import took 0.028098 seconds .

========================================================================
Received Import Request.
  Time since last request: 3.600866 seconds.
  path: Assets/Prefabs/ShopCard.prefab
  artifactKey: Guid(8c68210b4f138e44986b1b8ac606ceb9) Importer(815301076,1909f56bfc062723c751e8b465ee728b)
Start importing Assets/Prefabs/ShopCard.prefab using Guid(8c68210b4f138e44986b1b8ac606ceb9) Importer(815301076,1909f56bfc062723c751e8b465ee728b)  -> (artifact id: 'aa4db93ec3d99a1ad0a3942634bd5496') in 0.023119 seconds
  Import took 0.026120 seconds .

========================================================================
Received Import Request.
  Time since last request: 12.248372 seconds.
  path: Assets/Prefabs/ShopCard.prefab
  artifactKey: Guid(8c68210b4f138e44986b1b8ac606ceb9) Importer(815301076,1909f56bfc062723c751e8b465ee728b)
Start importing Assets/Prefabs/ShopCard.prefab using Guid(8c68210b4f138e44986b1b8ac606ceb9) Importer(815301076,1909f56bfc062723c751e8b465ee728b)  -> (artifact id: 'bb3ad4591f66ff721da592882f4d8ebe') in 0.023682 seconds
  Import took 0.026735 seconds .

========================================================================
Received Import Request.
  Time since last request: 8.995244 seconds.
  path: Assets/Prefabs/ShopCard.prefab
  artifactKey: Guid(8c68210b4f138e44986b1b8ac606ceb9) Importer(815301076,1909f56bfc062723c751e8b465ee728b)
Start importing Assets/Prefabs/ShopCard.prefab using Guid(8c68210b4f138e44986b1b8ac606ceb9) Importer(815301076,1909f56bfc062723c751e8b465ee728b)  -> (artifact id: '9be79a2663dd5c9267b6c02eaa31caf2') in 0.022262 seconds
  Import took 0.025354 seconds .

========================================================================
Received Import Request.
  Time since last request: 0.007147 seconds.
  path: Assets/Prefabs/ShopCard.prefab
  artifactKey: Guid(8c68210b4f138e44986b1b8ac606ceb9) Importer(815301076,1909f56bfc062723c751e8b465ee728b)
Start importing Assets/Prefabs/ShopCard.prefab using Guid(8c68210b4f138e44986b1b8ac606ceb9) Importer(815301076,1909f56bfc062723c751e8b465ee728b)  -> (artifact id: '9be79a2663dd5c9267b6c02eaa31caf2') in 0.024414 seconds
  Import took 0.027367 seconds .

========================================================================
Received Prepare
Registering precompiled user dll's ...
Registered in 0.000897 seconds.
Begin MonoManager ReloadAssembly
Native extension for WindowsStandalone target not found
Refreshing native plugins compatible for Editor in 0.38 ms, found 1 plugins.
Preloading 0 native plugins for Editor in 0.00 ms.
Invoked RoslynAnalysisRunner static constructor.
RoslynAnalysisRunner will not be running.
RoslynAnalysisRunner has terminated.
Mono: successfully reloaded assembly
- Completed reload, in  0.762 seconds
Platform modules already initialized, skipping
Refreshing native plugins compatible for Editor in 0.33 ms, found 1 plugins.
Preloading 0 native plugins for Editor in 0.00 ms.
Unloading 1826 Unused Serialized files (Serialized files now loaded: 0)
System memory in use before: 90.2 MB.
System memory in use after: 90.2 MB.

Unloading 13 unused Assets to reduce memory usage. Loaded Objects now: 2488.
Total: 2.185300 ms (FindLiveObjects: 0.239700 ms CreateObjectMapping: 0.088800 ms MarkObjects: 1.741600 ms  DeleteObjects: 0.113900 ms)

========================================================================
Received Prepare
Registering precompiled user dll's ...
Registered in 0.000955 seconds.
Begin MonoManager ReloadAssembly
Native extension for WindowsStandalone target not found
Refreshing native plugins compatible for Editor in 0.35 ms, found 1 plugins.
Preloading 0 native plugins for Editor in 0.00 ms.
Invoked RoslynAnalysisRunner static constructor.
RoslynAnalysisRunner will not be running.
RoslynAnalysisRunner has terminated.
Mono: successfully reloaded assembly
- Completed reload, in  0.775 seconds
Platform modules already initialized, skipping
Refreshing native plugins compatible for Editor in 0.35 ms, found 1 plugins.
Preloading 0 native plugins for Editor in 0.00 ms.
Unloading 1826 Unused Serialized files (Serialized files now loaded: 0)
System memory in use before: 90.2 MB.
System memory in use after: 90.2 MB.

Unloading 12 unused Assets to reduce memory usage. Loaded Objects now: 2492.
Total: 1.998700 ms (FindLiveObjects: 0.214800 ms CreateObjectMapping: 0.074100 ms MarkObjects: 1.606900 ms  DeleteObjects: 0.102000 ms)

========================================================================
Received Prepare
Registering precompiled user dll's ...
Registered in 0.000922 seconds.
Begin MonoManager ReloadAssembly
Native extension for WindowsStandalone target not found
Refreshing native plugins compatible for Editor in 0.34 ms, found 1 plugins.
Preloading 0 native plugins for Editor in 0.00 ms.
Invoked RoslynAnalysisRunner static constructor.
RoslynAnalysisRunner will not be running.
RoslynAnalysisRunner has terminated.
Mono: successfully reloaded assembly
- Completed reload, in  0.760 seconds
Platform modules already initialized, skipping
Refreshing native plugins compatible for Editor in 0.37 ms, found 1 plugins.
Preloading 0 native plugins for Editor in 0.00 ms.
Unloading 1826 Unused Serialized files (Serialized files now loaded: 0)
System memory in use before: 90.2 MB.
System memory in use after: 90.2 MB.

Unloading 12 unused Assets to reduce memory usage. Loaded Objects now: 2496.
Total: 2.010600 ms (FindLiveObjects: 0.236800 ms CreateObjectMapping: 0.062100 ms MarkObjects: 1.573900 ms  DeleteObjects: 0.136900 ms)

========================================================================
Received Prepare
Registering precompiled user dll's ...
Registered in 0.000905 seconds.
Begin MonoManager ReloadAssembly
Native extension for WindowsStandalone target not found
Refreshing native plugins compatible for Editor in 0.35 ms, found 1 plugins.
Preloading 0 native plugins for Editor in 0.00 ms.
Invoked RoslynAnalysisRunner static constructor.
RoslynAnalysisRunner will not be running.
RoslynAnalysisRunner has terminated.
Mono: successfully reloaded assembly
- Completed reload, in  0.732 seconds
Platform modules already initialized, skipping
Refreshing native plugins compatible for Editor in 0.45 ms, found 1 plugins.
Preloading 0 native plugins for Editor in 0.00 ms.
Unloading 1826 Unused Serialized files (Serialized files now loaded: 0)
System memory in use before: 90.2 MB.
System memory in use after: 90.2 MB.

Unloading 12 unused Assets to reduce memory usage. Loaded Objects now: 2500.
Total: 2.274500 ms (FindLiveObjects: 0.250800 ms CreateObjectMapping: 0.138200 ms MarkObjects: 1.775000 ms  DeleteObjects: 0.109200 ms)

========================================================================
Received Prepare
Refreshing native plugins compatible for Editor in 1.64 ms, found 1 plugins.
Preloading 0 native plugins for Editor in 0.00 ms.
Unloading 10 Unused Serialized files (Serialized files now loaded: 0)
System memory in use before: 54.3 MB.
System memory in use after: 54.3 MB.

Unloading 10 unused Assets to reduce memory usage. Loaded Objects now: 2500.
Total: 2.124500 ms (FindLiveObjects: 0.194300 ms CreateObjectMapping: 0.065000 ms MarkObjects: 1.756500 ms  DeleteObjects: 0.107400 ms)

AssetImportWorkerClient::OnTransportError - code=2 error=End of file
